{"logTime": "0402/182812", "correlationVector":"8OXtjLN8ztLYNZZwoi9DI5.0","action":"FeedSettingFetch_homeCloud", "result":"0", "context":{}}
{"logTime": "0402/182812", "correlationVector":"GnshiEXqMGyjYkqbMUdZT/.1","action":"SyncServerConnectionManagerRequest", "result":"SYNC_SERVER_OK", "context":{"environment":"Prod_SoutheastAsia_000j", "migrationStage":"NotStarted", "server":"GENERAL0100001C"}}
{"logTime": "0402/182812", "correlationVector":"GnshiEXqMGyjYkqbMUdZT/","action":"Initial GetUpdates", "result":"", "context":Reason: NEW_CLIENT. cV=GnshiEXqMGyjYkqbMUdZT/}
{"logTime": "0402/182812", "correlationVector":"GnshiEXqMGyjYkqbMUdZT/.2","action":"GetUpdates Response", "result":"SYNCER_OK", "context":Received 1 update(s). cV=GnshiEXqMGyjYkqbMUdZT/.0;server=GENERAL0100001C;cloudType=Consumer;environment=Prod_SoutheastAsia_000j;migrationStage=NotStarted}
{"logTime": "0402/182814", "correlationVector":"Sg0qpTQy3Wqp0yv7amGzYf","action":"SyncServerConnectionManagerRequest", "result":"SYNC_SERVER_OK", "context":{"environment":"", "migrationStage":"", "server":""}}
{"logTime": "0402/182814", "correlationVector":"Cx8k5GS5YAxhCiXq0lLZeb","action":"Initial GetUpdates", "result":"", "context":Reason: NEW_CLIENT. cV=Cx8k5GS5YAxhCiXq0lLZeb}
{"logTime": "0402/182815", "correlationVector":"Cx8k5GS5YAxhCiXq0lLZeb.1","action":"SyncServerConnectionManagerRequest", "result":"SYNC_SERVER_OK", "context":{"environment":"Prod_SoutheastAsia_000j", "migrationStage":"NotStarted", "server":"GENERAL01000005"}}
{"logTime": "0402/182815", "correlationVector":"Cx8k5GS5YAxhCiXq0lLZeb.2","action":"GetUpdates Response", "result":"SYNCER_OK", "context":Received 7 update(s). cV=Cx8k5GS5YAxhCiXq0lLZeb.0;server=GENERAL01000005;cloudType=Consumer;environment=Prod_SoutheastAsia_000j;migrationStage=NotStarted}
{"logTime": "0402/182815", "correlationVector":"idr67zIITFLhNhQ3hyLGTL","action":"Normal GetUpdate request", "result":"", "context":cV=idr67zIITFLhNhQ3hyLGTL
Nudged types: Device Info, User Consents
Refresh requested types: Device Info, User Consents, Send Tab To Self, Encryption Keys}
{"logTime": "0402/182815", "correlationVector":"idr67zIITFLhNhQ3hyLGTL.1","action":"SyncServerConnectionManagerRequest", "result":"SYNC_SERVER_OK", "context":{"environment":"Prod_SoutheastAsia_000j", "migrationStage":"NotStarted", "server":"GENERAL0100001C"}}
{"logTime": "0402/182815", "correlationVector":"idr67zIITFLhNhQ3hyLGTL.2","action":"GetUpdates Response", "result":"SYNCER_OK", "context":Received 0 update(s). cV=idr67zIITFLhNhQ3hyLGTL.0;server=GENERAL0100001C;cloudType=Consumer;environment=Prod_SoutheastAsia_000j;migrationStage=NotStarted}
{"logTime": "0402/182815", "correlationVector":"KwSBvQgCsp03apUb0vwYwY","action":"Commit Request", "result":"", "context":Item count: 1
Contributing types: Device Info}
{"logTime": "0402/182815", "correlationVector":"KwSBvQgCsp03apUb0vwYwY.1","action":"SyncServerConnectionManagerRequest", "result":"SYNC_SERVER_OK", "context":{"environment":"Prod_SoutheastAsia_000j", "migrationStage":"NotStarted", "server":"GENERAL0100000N"}}
{"logTime": "0402/182815", "correlationVector":"KwSBvQgCsp03apUb0vwYwY.2","action":"Commit Response", "result":"SYNCER_OK", "context":Result: SYNCER_OK. cV=KwSBvQgCsp03apUb0vwYwY.0;server=GENERAL0100000N;cloudType=Consumer;environment=Prod_SoutheastAsia_000j;migrationStage=NotStarted}
{"logTime": "0402/182815", "correlationVector":"worBwwchcNffVVP8bv2G5g","action":"Commit Request", "result":"", "context":Item count: 2
Contributing types: User Consents}
{"logTime": "0402/182816", "correlationVector":"worBwwchcNffVVP8bv2G5g.1","action":"SyncServerConnectionManagerRequest", "result":"SYNC_SERVER_OK", "context":{"environment":"Prod_SoutheastAsia_000j", "migrationStage":"NotStarted", "server":"GENERAL01000000"}}
{"logTime": "0402/182816", "correlationVector":"worBwwchcNffVVP8bv2G5g.2","action":"Commit Response", "result":"SYNCER_OK", "context":Result: SYNCER_OK. cV=worBwwchcNffVVP8bv2G5g.0;server=GENERAL01000000;cloudType=Consumer;environment=Prod_SoutheastAsia_000j;migrationStage=NotStarted}
{"logTime": "0402/184847", "correlationVector":"Y9pTzJxrOmCMeuvs4woxu1.0","action":"FeedSettingFetch_homeCloud", "result":"0", "context":{}}
{"logTime": "0402/184847", "correlationVector":"vf/HadgFPEYepUP0cCy+Ny.1","action":"SyncServerConnectionManagerRequest", "result":"SYNC_SERVER_OK", "context":{"environment":"Prod_SoutheastAsia_000j", "migrationStage":"NotStarted", "server":"general0100001A"}}
{"logTime": "0402/184847", "correlationVector":"vf/HadgFPEYepUP0cCy+Ny","action":"Initial GetUpdates", "result":"", "context":Reason: NEW_CLIENT. cV=vf/HadgFPEYepUP0cCy+Ny}
{"logTime": "0402/184847", "correlationVector":"vf/HadgFPEYepUP0cCy+Ny.2","action":"GetUpdates Response", "result":"SYNCER_OK", "context":Received 1 update(s). cV=vf/HadgFPEYepUP0cCy+Ny.0;server=general0100001A;cloudType=Consumer;environment=Prod_SoutheastAsia_000j;migrationStage=NotStarted}
{"logTime": "0402/184847", "correlationVector":"x5KOt3Az8eWARH6B0IP0/O","action":"Normal GetUpdate request", "result":"", "context":cV=x5KOt3Az8eWARH6B0IP0/O
Nudged types: User Consents
Refresh requested types: Device Info, User Consents, Send Tab To Self, Encryption Keys}
{"logTime": "0402/184847", "correlationVector":"x5KOt3Az8eWARH6B0IP0/O.1","action":"SyncServerConnectionManagerRequest", "result":"SYNC_SERVER_OK", "context":{"environment":"Prod_SoutheastAsia_000j", "migrationStage":"NotStarted", "server":"GENERAL0100000Y"}}
{"logTime": "0402/184847", "correlationVector":"x5KOt3Az8eWARH6B0IP0/O.2","action":"GetUpdates Response", "result":"SYNCER_OK", "context":Received 1 update(s). cV=x5KOt3Az8eWARH6B0IP0/O.0;server=GENERAL0100000Y;cloudType=Consumer;environment=Prod_SoutheastAsia_000j;migrationStage=NotStarted}
{"logTime": "0402/184847", "correlationVector":"I5qL9YiPZYa8iF+gvcsOY/","action":"Commit Request", "result":"", "context":Item count: 1
Contributing types: User Consents}
{"logTime": "0402/184847", "correlationVector":"I5qL9YiPZYa8iF+gvcsOY/.1","action":"SyncServerConnectionManagerRequest", "result":"SYNC_SERVER_OK", "context":{"environment":"Prod_SoutheastAsia_000j", "migrationStage":"NotStarted", "server":"GENERAL0100000X"}}
{"logTime": "0402/184847", "correlationVector":"I5qL9YiPZYa8iF+gvcsOY/.2","action":"Commit Response", "result":"SYNCER_OK", "context":Result: SYNCER_OK. cV=I5qL9YiPZYa8iF+gvcsOY/.0;server=GENERAL0100000X;cloudType=Consumer;environment=Prod_SoutheastAsia_000j;migrationStage=NotStarted}
{"logTime": "0402/184848", "correlationVector":"XSbB7C1chRhn1Bq2UKhb+i","action":"SyncServerConnectionManagerRequest", "result":"SYNC_SERVER_OK", "context":{"environment":"", "migrationStage":"", "server":""}}
{"logTime": "0402/184848", "correlationVector":"Zs10MUYh/kd5DwIognkNnW","action":"Initial GetUpdates", "result":"", "context":Reason: RECONFIGURATION. cV=Zs10MUYh/kd5DwIognkNnW}
{"logTime": "0402/184848", "correlationVector":"Zs10MUYh/kd5DwIognkNnW.1","action":"SyncServerConnectionManagerRequest", "result":"SYNC_SERVER_OK", "context":{"environment":"Prod_SoutheastAsia_000j", "migrationStage":"NotStarted", "server":"general01000009"}}
{"logTime": "0402/184848", "correlationVector":"Zs10MUYh/kd5DwIognkNnW.2","action":"GetUpdates Response", "result":"SYNCER_OK", "context":Received 14 update(s). cV=Zs10MUYh/kd5DwIognkNnW.0;server=general01000009;cloudType=Consumer;environment=Prod_SoutheastAsia_000j;migrationStage=NotStarted}
{"logTime": "0402/184848", "correlationVector":"do8mdGm/ZkIUdMVjrUjRDh","action":"Initial GetUpdates", "result":"", "context":Reason: NEWLY_SUPPORTED_DATATYPE. cV=do8mdGm/ZkIUdMVjrUjRDh}
{"logTime": "0402/184848", "correlationVector":"do8mdGm/ZkIUdMVjrUjRDh.1","action":"SyncServerConnectionManagerRequest", "result":"SYNC_SERVER_OK", "context":{"environment":"Prod_SoutheastAsia_000j", "migrationStage":"NotStarted", "server":"GENERAL01000014"}}
{"logTime": "0402/184848", "correlationVector":"do8mdGm/ZkIUdMVjrUjRDh.2","action":"GetUpdates Response", "result":"SYNCER_OK", "context":Received 5 update(s). cV=do8mdGm/ZkIUdMVjrUjRDh.0;server=GENERAL01000014;cloudType=Consumer;environment=Prod_SoutheastAsia_000j;migrationStage=NotStarted}
{"logTime": "0402/184848", "correlationVector":"yiRXaK7SyU+k8a8qYHcwTC","action":"Initial GetUpdates", "result":"", "context":Reason: NEWLY_SUPPORTED_DATATYPE. cV=yiRXaK7SyU+k8a8qYHcwTC}
{"logTime": "0402/184848", "correlationVector":"yiRXaK7SyU+k8a8qYHcwTC.1","action":"SyncServerConnectionManagerRequest", "result":"SYNC_SERVER_OK", "context":{"environment":"Prod_SoutheastAsia_000j", "migrationStage":"NotStarted", "server":"GENERAL0100000P"}}
{"logTime": "0402/184848", "correlationVector":"yiRXaK7SyU+k8a8qYHcwTC.2","action":"GetUpdates", "result":"DeleteReceived", "context":{"id":"d5a0194e-96b8-4f83-b7c9-9dede7fe1ba2", "isDeleted:":"true", "version":"1679411867800"}}
{"logTime": "0402/184848", "correlationVector":"yiRXaK7SyU+k8a8qYHcwTC.3","action":"GetUpdates", "result":"DeleteReceived", "context":{"id":"9689267b-0b92-4cc8-b033-81ce92d4f2f0", "isDeleted:":"true", "version":"1679462757894"}}
{"logTime": "0402/184848", "correlationVector":"yiRXaK7SyU+k8a8qYHcwTC.4","action":"GetUpdates", "result":"DeleteReceived", "context":{"id":"9cfdea18-296c-4538-8d7a-f8373f92035f", "isDeleted:":"true", "version":"1679465103994"}}
{"logTime": "0402/184848", "correlationVector":"yiRXaK7SyU+k8a8qYHcwTC.5","action":"GetUpdates", "result":"DeleteReceived", "context":{"id":"310de3a9-cef5-4b04-b39c-758e9f9515ea", "isDeleted:":"true", "version":"1679465968733"}}
{"logTime": "0402/184848", "correlationVector":"yiRXaK7SyU+k8a8qYHcwTC.6","action":"GetUpdates", "result":"DeleteReceived", "context":{"id":"747192ad-b87e-45f9-9211-87f655d7fb2c", "isDeleted:":"true", "version":"1679502676767"}}
{"logTime": "0402/184848", "correlationVector":"yiRXaK7SyU+k8a8qYHcwTC.7","action":"GetUpdates", "result":"DeleteReceived", "context":{"id":"7889bba9-7f84-4605-8d73-6eb50418ec1b", "isDeleted:":"true", "version":"1679571677357"}}
{"logTime": "0402/184848", "correlationVector":"yiRXaK7SyU+k8a8qYHcwTC.8","action":"GetUpdates", "result":"DeleteReceived", "context":{"id":"35e8012a-a9f8-4b3a-8d2a-31496306c104", "isDeleted:":"true", "version":"1679743500498"}}
{"logTime": "0402/184848", "correlationVector":"yiRXaK7SyU+k8a8qYHcwTC.9","action":"GetUpdates", "result":"DeleteReceived", "context":{"id":"206e82eb-f3dc-49f1-9730-3f11b9c0fdde", "isDeleted:":"true", "version":"1679747190884"}}
{"logTime": "0402/184848", "correlationVector":"yiRXaK7SyU+k8a8qYHcwTC.10","action":"GetUpdates", "result":"DeleteReceived", "context":{"id":"6786a53b-46b2-4886-9593-a64d7a6262b5", "isDeleted:":"true", "version":"1680115563416"}}
{"logTime": "0402/184848", "correlationVector":"yiRXaK7SyU+k8a8qYHcwTC.11","action":"GetUpdates", "result":"DeleteReceived", "context":{"id":"c18f2ddc-5f8c-49c0-b23a-ee94f8117d8b", "isDeleted:":"true", "version":"1680115937409"}}
{"logTime": "0402/184848", "correlationVector":"yiRXaK7SyU+k8a8qYHcwTC.12","action":"GetUpdates", "result":"DeleteReceived", "context":{"id":"4e22ed9a-ac2c-4c7a-8aa6-7b6dcec121a2", "isDeleted:":"true", "version":"1680116402752"}}
{"logTime": "0402/184848", "correlationVector":"yiRXaK7SyU+k8a8qYHcwTC.13","action":"GetUpdates", "result":"DeleteReceived", "context":{"id":"f7de8e6f-46ca-4a31-978f-65993fa185ab", "isDeleted:":"true", "version":"1680116687781"}}
{"logTime": "0402/184848", "correlationVector":"yiRXaK7SyU+k8a8qYHcwTC.14","action":"GetUpdates", "result":"DeleteReceived", "context":{"id":"b81db9ab-4db5-4beb-a630-ed3c86e52b6d", "isDeleted:":"true", "version":"1680157811273"}}
{"logTime": "0402/184848", "correlationVector":"yiRXaK7SyU+k8a8qYHcwTC.15","action":"GetUpdates", "result":"DeleteReceived", "context":{"id":"ac9c4aae-2c70-41a1-932e-cba4511947ba", "isDeleted:":"true", "version":"1680174040611"}}
{"logTime": "0402/184848", "correlationVector":"yiRXaK7SyU+k8a8qYHcwTC.16","action":"GetUpdates", "result":"DeleteReceived", "context":{"id":"87fb70d7-a9b9-4a46-a3fe-6cdedd3bc1fc", "isDeleted:":"true", "version":"1680181497799"}}
{"logTime": "0402/184848", "correlationVector":"yiRXaK7SyU+k8a8qYHcwTC.17","action":"GetUpdates", "result":"DeleteReceived", "context":{"id":"4e840d13-d994-4e0d-b481-be824ceb10d9", "isDeleted:":"true", "version":"1680280527549"}}
{"logTime": "0402/184848", "correlationVector":"yiRXaK7SyU+k8a8qYHcwTC.18","action":"GetUpdates", "result":"DeleteReceived", "context":{"id":"be74f45d-e008-4481-abec-177ec4947c08", "isDeleted:":"true", "version":"1680286293719"}}
{"logTime": "0402/184848", "correlationVector":"yiRXaK7SyU+k8a8qYHcwTC.19","action":"GetUpdates", "result":"DeleteReceived", "context":{"id":"9cd784a6-8240-4802-9116-5915b7bf4876", "isDeleted:":"true", "version":"1680326679527"}}
{"logTime": "0402/184848", "correlationVector":"yiRXaK7SyU+k8a8qYHcwTC.20","action":"GetUpdates", "result":"DeleteReceived", "context":{"id":"18012ab2-0a5b-4e97-a572-9a87fca35884", "isDeleted:":"true", "version":"1680348822617"}}
{"logTime": "0402/184848", "correlationVector":"yiRXaK7SyU+k8a8qYHcwTC.21","action":"GetUpdates", "result":"DeleteReceived", "context":{"id":"0c124987-9331-4d72-8478-fe5e68607f3e", "isDeleted:":"true", "version":"1680379015901"}}
{"logTime": "0402/184848", "correlationVector":"yiRXaK7SyU+k8a8qYHcwTC.22","action":"GetUpdates", "result":"DeleteReceived", "context":{"id":"39bb48e6-d674-49d2-886d-ba22c9610641", "isDeleted:":"true", "version":"1680438131326"}}
{"logTime": "0402/184848", "correlationVector":"yiRXaK7SyU+k8a8qYHcwTC.23","action":"GetUpdates", "result":"DeleteReceived", "context":{"id":"970d447a-fedb-43e6-a910-bad131446022", "isDeleted:":"true", "version":"1680438431108"}}
{"logTime": "0402/184848", "correlationVector":"yiRXaK7SyU+k8a8qYHcwTC.24","action":"GetUpdates Response", "result":"SYNCER_OK", "context":Received 31 update(s). cV=yiRXaK7SyU+k8a8qYHcwTC.0;server=GENERAL0100000P;cloudType=Consumer;environment=Prod_SoutheastAsia_000j;migrationStage=NotStarted}
{"logTime": "0402/184848", "correlationVector":"B8F5LYpvIOL286CQeFQNXd","action":"Normal GetUpdate request", "result":"", "context":cV=B8F5LYpvIOL286CQeFQNXd
Nudged types: Sessions, Device Info
Refresh requested types: Bookmarks, Preferences, Passwords, Autofill Profiles, Autofill, Autofill Custom Data, Typed URLs, Extensions, Sessions, Extension settings, History Delete Directives, Device Info, User Consents, Send Tab To Self, Web Apps, Collection, Edge E Drop, Encryption Keys}
{"logTime": "0402/184849", "correlationVector":"B8F5LYpvIOL286CQeFQNXd.1","action":"SyncServerConnectionManagerRequest", "result":"SYNC_SERVER_OK", "context":{"environment":"Prod_SoutheastAsia_000j", "migrationStage":"NotStarted", "server":"GENERAL0100000I"}}
{"logTime": "0402/184849", "correlationVector":"B8F5LYpvIOL286CQeFQNXd.2","action":"GetUpdates Response", "result":"SYNCER_OK", "context":Received 0 update(s). cV=B8F5LYpvIOL286CQeFQNXd.0;server=GENERAL0100000I;cloudType=Consumer;environment=Prod_SoutheastAsia_000j;migrationStage=NotStarted}
{"logTime": "0402/184849", "correlationVector":"Sk5ponvZW3WviIRN6L5a0S","action":"Commit Request", "result":"", "context":Item count: 1
Contributing types: Device Info}
{"logTime": "0402/184849", "correlationVector":"Sk5ponvZW3WviIRN6L5a0S.1","action":"SyncServerConnectionManagerRequest", "result":"SYNC_SERVER_OK", "context":{"environment":"Prod_SoutheastAsia_000j", "migrationStage":"NotStarted", "server":"general01000009"}}
{"logTime": "0402/184849", "correlationVector":"Sk5ponvZW3WviIRN6L5a0S.2","action":"Commit Response", "result":"SYNCER_OK", "context":Result: SYNCER_OK. cV=Sk5ponvZW3WviIRN6L5a0S.0;server=general01000009;cloudType=Consumer;environment=Prod_SoutheastAsia_000j;migrationStage=NotStarted}
{"logTime": "0402/184849", "correlationVector":"dPK4/CIJd9qmAhIEmsGTuF","action":"Commit Request", "result":"", "context":Item count: 2
Contributing types: Sessions}
{"logTime": "0402/184850", "correlationVector":"dPK4/CIJd9qmAhIEmsGTuF.1","action":"SyncServerConnectionManagerRequest", "result":"SYNC_SERVER_OK", "context":{"environment":"Prod_SoutheastAsia_000j", "migrationStage":"NotStarted", "server":"GENERAL0100000T"}}
{"logTime": "0402/184850", "correlationVector":"dPK4/CIJd9qmAhIEmsGTuF.2","action":"Commit Response", "result":"SYNCER_OK", "context":Result: SYNCER_OK. cV=dPK4/CIJd9qmAhIEmsGTuF.0;server=GENERAL0100000T;cloudType=Consumer;environment=Prod_SoutheastAsia_000j;migrationStage=NotStarted}
{"logTime": "0402/185338", "correlationVector":"cMkzsargFoPy7LX5GyyQ0e.0","action":"FeedSettingFetch_homeCloud", "result":"0", "context":{}}
{"logTime": "0402/185338", "correlationVector":"fAGrXT2uNDIya2YsmAAoYM.1","action":"SyncServerConnectionManagerRequest", "result":"SYNC_SERVER_OK", "context":{"environment":"Prod_SoutheastAsia_000j", "migrationStage":"NotStarted", "server":"GENERAL01000001"}}
{"logTime": "0402/185338", "correlationVector":"fAGrXT2uNDIya2YsmAAoYM","action":"Initial GetUpdates", "result":"", "context":Reason: NEW_CLIENT. cV=fAGrXT2uNDIya2YsmAAoYM}
{"logTime": "0402/185338", "correlationVector":"fAGrXT2uNDIya2YsmAAoYM.2","action":"GetUpdates Response", "result":"SYNCER_OK", "context":Received 1 update(s). cV=fAGrXT2uNDIya2YsmAAoYM.0;server=GENERAL01000001;cloudType=Consumer;environment=Prod_SoutheastAsia_000j;migrationStage=NotStarted}
{"logTime": "0402/185338", "correlationVector":"UJHUGGLMAaZeHdB6ihYfmr","action":"Normal GetUpdate request", "result":"", "context":cV=UJHUGGLMAaZeHdB6ihYfmr
Nudged types: Sessions, User Consents
Refresh requested types: Bookmarks, Preferences, Autofill Custom Data, Typed URLs, Extensions, Sessions, Extension settings, History Delete Directives, Device Info, User Consents, Send Tab To Self, Web Apps, Collection, Edge E Drop, Encryption Keys}
{"logTime": "0402/185338", "correlationVector":"UJHUGGLMAaZeHdB6ihYfmr.1","action":"SyncServerConnectionManagerRequest", "result":"SYNC_SERVER_OK", "context":{"environment":"Prod_SoutheastAsia_000j", "migrationStage":"NotStarted", "server":"general01000012"}}
{"logTime": "0402/185338", "correlationVector":"UJHUGGLMAaZeHdB6ihYfmr.2","action":"GetUpdates", "result":"DeleteReceived", "context":{"id":"d5a0194e-96b8-4f83-b7c9-9dede7fe1ba2", "isDeleted:":"true", "version":"1679411867800"}}
{"logTime": "0402/185338", "correlationVector":"UJHUGGLMAaZeHdB6ihYfmr.3","action":"GetUpdates", "result":"DeleteReceived", "context":{"id":"9689267b-0b92-4cc8-b033-81ce92d4f2f0", "isDeleted:":"true", "version":"1679462757894"}}
{"logTime": "0402/185338", "correlationVector":"UJHUGGLMAaZeHdB6ihYfmr.4","action":"GetUpdates", "result":"DeleteReceived", "context":{"id":"9cfdea18-296c-4538-8d7a-f8373f92035f", "isDeleted:":"true", "version":"1679465103994"}}
{"logTime": "0402/185338", "correlationVector":"UJHUGGLMAaZeHdB6ihYfmr.5","action":"GetUpdates", "result":"DeleteReceived", "context":{"id":"310de3a9-cef5-4b04-b39c-758e9f9515ea", "isDeleted:":"true", "version":"1679465968733"}}
{"logTime": "0402/185338", "correlationVector":"UJHUGGLMAaZeHdB6ihYfmr.6","action":"GetUpdates", "result":"DeleteReceived", "context":{"id":"747192ad-b87e-45f9-9211-87f655d7fb2c", "isDeleted:":"true", "version":"1679502676767"}}
{"logTime": "0402/185338", "correlationVector":"UJHUGGLMAaZeHdB6ihYfmr.7","action":"GetUpdates", "result":"DeleteReceived", "context":{"id":"7889bba9-7f84-4605-8d73-6eb50418ec1b", "isDeleted:":"true", "version":"1679571677357"}}
{"logTime": "0402/185338", "correlationVector":"UJHUGGLMAaZeHdB6ihYfmr.8","action":"GetUpdates", "result":"DeleteReceived", "context":{"id":"35e8012a-a9f8-4b3a-8d2a-31496306c104", "isDeleted:":"true", "version":"1679743500498"}}
{"logTime": "0402/185338", "correlationVector":"UJHUGGLMAaZeHdB6ihYfmr.9","action":"GetUpdates", "result":"DeleteReceived", "context":{"id":"206e82eb-f3dc-49f1-9730-3f11b9c0fdde", "isDeleted:":"true", "version":"1679747190884"}}
{"logTime": "0402/185338", "correlationVector":"UJHUGGLMAaZeHdB6ihYfmr.10","action":"GetUpdates", "result":"DeleteReceived", "context":{"id":"6786a53b-46b2-4886-9593-a64d7a6262b5", "isDeleted:":"true", "version":"1680115563416"}}
{"logTime": "0402/185338", "correlationVector":"UJHUGGLMAaZeHdB6ihYfmr.11","action":"GetUpdates", "result":"DeleteReceived", "context":{"id":"c18f2ddc-5f8c-49c0-b23a-ee94f8117d8b", "isDeleted:":"true", "version":"1680115937409"}}
{"logTime": "0402/185338", "correlationVector":"UJHUGGLMAaZeHdB6ihYfmr.12","action":"GetUpdates", "result":"DeleteReceived", "context":{"id":"4e22ed9a-ac2c-4c7a-8aa6-7b6dcec121a2", "isDeleted:":"true", "version":"1680116402752"}}
{"logTime": "0402/185338", "correlationVector":"UJHUGGLMAaZeHdB6ihYfmr.13","action":"GetUpdates", "result":"DeleteReceived", "context":{"id":"f7de8e6f-46ca-4a31-978f-65993fa185ab", "isDeleted:":"true", "version":"1680116687781"}}
{"logTime": "0402/185339", "correlationVector":"UJHUGGLMAaZeHdB6ihYfmr.14","action":"GetUpdates", "result":"DeleteReceived", "context":{"id":"b81db9ab-4db5-4beb-a630-ed3c86e52b6d", "isDeleted:":"true", "version":"1680157811273"}}
{"logTime": "0402/185339", "correlationVector":"UJHUGGLMAaZeHdB6ihYfmr.15","action":"GetUpdates", "result":"DeleteReceived", "context":{"id":"ac9c4aae-2c70-41a1-932e-cba4511947ba", "isDeleted:":"true", "version":"1680174040611"}}
{"logTime": "0402/185339", "correlationVector":"UJHUGGLMAaZeHdB6ihYfmr.16","action":"GetUpdates", "result":"DeleteReceived", "context":{"id":"87fb70d7-a9b9-4a46-a3fe-6cdedd3bc1fc", "isDeleted:":"true", "version":"1680181497799"}}
{"logTime": "0402/185339", "correlationVector":"UJHUGGLMAaZeHdB6ihYfmr.17","action":"GetUpdates", "result":"DeleteReceived", "context":{"id":"4e840d13-d994-4e0d-b481-be824ceb10d9", "isDeleted:":"true", "version":"1680280527549"}}
{"logTime": "0402/185339", "correlationVector":"UJHUGGLMAaZeHdB6ihYfmr.18","action":"GetUpdates", "result":"DeleteReceived", "context":{"id":"be74f45d-e008-4481-abec-177ec4947c08", "isDeleted:":"true", "version":"1680286293719"}}
{"logTime": "0402/185339", "correlationVector":"UJHUGGLMAaZeHdB6ihYfmr.19","action":"GetUpdates", "result":"DeleteReceived", "context":{"id":"9cd784a6-8240-4802-9116-5915b7bf4876", "isDeleted:":"true", "version":"1680326679527"}}
{"logTime": "0402/185339", "correlationVector":"UJHUGGLMAaZeHdB6ihYfmr.20","action":"GetUpdates", "result":"DeleteReceived", "context":{"id":"18012ab2-0a5b-4e97-a572-9a87fca35884", "isDeleted:":"true", "version":"1680348822617"}}
{"logTime": "0402/185339", "correlationVector":"UJHUGGLMAaZeHdB6ihYfmr.21","action":"GetUpdates", "result":"DeleteReceived", "context":{"id":"0c124987-9331-4d72-8478-fe5e68607f3e", "isDeleted:":"true", "version":"1680379015901"}}
{"logTime": "0402/185339", "correlationVector":"UJHUGGLMAaZeHdB6ihYfmr.22","action":"GetUpdates", "result":"DeleteReceived", "context":{"id":"39bb48e6-d674-49d2-886d-ba22c9610641", "isDeleted:":"true", "version":"1680438131326"}}
{"logTime": "0402/185339", "correlationVector":"UJHUGGLMAaZeHdB6ihYfmr.23","action":"GetUpdates", "result":"DeleteReceived", "context":{"id":"970d447a-fedb-43e6-a910-bad131446022", "isDeleted:":"true", "version":"1680438431108"}}
{"logTime": "0402/185339", "correlationVector":"UJHUGGLMAaZeHdB6ihYfmr.24","action":"GetUpdates Response", "result":"SYNCER_OK", "context":Received 54 update(s). cV=UJHUGGLMAaZeHdB6ihYfmr.0;server=general01000012;cloudType=Consumer;environment=Prod_SoutheastAsia_000j;migrationStage=NotStarted}
{"logTime": "0402/185339", "correlationVector":"4FcoBiJOb7+4jyXW/B6OUh","action":"Commit Request", "result":"", "context":Item count: 4
Contributing types: Sessions, User Consents}
{"logTime": "0402/185339", "correlationVector":"4FcoBiJOb7+4jyXW/B6OUh.1","action":"SyncServerConnectionManagerRequest", "result":"SYNC_SERVER_OK", "context":{"environment":"Prod_SoutheastAsia_000j", "migrationStage":"NotStarted", "server":"GENERAL0100000P"}}
{"logTime": "0402/185339", "correlationVector":"4FcoBiJOb7+4jyXW/B6OUh.3","action":"Commit.Sessions", "result":"Success", "context":{"id":"bbec7944-4ce1-4830-9c7e-b3bdc5d28e15", "isDeleted":"true", "size":"0", "version":"1680461329690"}}
{"logTime": "0402/185339", "correlationVector":"4FcoBiJOb7+4jyXW/B6OUh.2","action":"Commit Response", "result":"SYNCER_OK", "context":Result: SYNCER_OK. cV=4FcoBiJOb7+4jyXW/B6OUh.0;server=GENERAL0100000P;cloudType=Consumer;environment=Prod_SoutheastAsia_000j;migrationStage=NotStarted}
{"logTime": "0402/185357", "correlationVector":"PPTD8WTsdqJ/gUuTs9Wb+s","action":"SyncServerConnectionManagerRequest", "result":"SYNC_SERVER_OK", "context":{"environment":"", "migrationStage":"", "server":""}}
{"logTime": "0402/185357", "correlationVector":"SvUSx5iNwPnR07TomRY0Ei","action":"Normal GetUpdate request", "result":"", "context":cV=SvUSx5iNwPnR07TomRY0Ei
Nudged types: Sessions}
{"logTime": "0402/185357", "correlationVector":"SvUSx5iNwPnR07TomRY0Ei.1","action":"SyncServerConnectionManagerRequest", "result":"SYNC_SERVER_OK", "context":{"environment":"Prod_SoutheastAsia_000j", "migrationStage":"NotStarted", "server":"GENERAL01000006"}}
{"logTime": "0402/185357", "correlationVector":"SvUSx5iNwPnR07TomRY0Ei.2","action":"GetUpdates", "result":"DeleteReceived", "context":{"id":"bbec7944-4ce1-4830-9c7e-b3bdc5d28e15", "isDeleted:":"true", "version":"1680461606759"}}
{"logTime": "0402/185357", "correlationVector":"SvUSx5iNwPnR07TomRY0Ei.3","action":"GetUpdates Response", "result":"SYNCER_OK", "context":Received 3 update(s). cV=SvUSx5iNwPnR07TomRY0Ei.0;server=GENERAL01000006;cloudType=Consumer;environment=Prod_SoutheastAsia_000j;migrationStage=NotStarted}
{"logTime": "0402/185357", "correlationVector":"SXUpdyE60a/NrVUBOhCRWv","action":"Commit Request", "result":"", "context":Item count: 1
Contributing types: Sessions}
{"logTime": "0402/185358", "correlationVector":"SXUpdyE60a/NrVUBOhCRWv.1","action":"SyncServerConnectionManagerRequest", "result":"SYNC_SERVER_OK", "context":{"environment":"Prod_SoutheastAsia_000j", "migrationStage":"NotStarted", "server":"GENERAL01000003"}}
{"logTime": "0402/185358", "correlationVector":"SXUpdyE60a/NrVUBOhCRWv.2","action":"Commit Response", "result":"SYNCER_OK", "context":Result: SYNCER_OK. cV=SXUpdyE60a/NrVUBOhCRWv.0;server=GENERAL01000003;cloudType=Consumer;environment=Prod_SoutheastAsia_000j;migrationStage=NotStarted}
{"logTime": "0402/185358", "correlationVector":"cZN9sgIfZ9nh7TIHjqEYQr","action":"Normal GetUpdate request", "result":"", "context":cV=cZN9sgIfZ9nh7TIHjqEYQr
Nudged types: Sessions
Refresh requested types: Bookmarks, Preferences, Passwords, Autofill Profiles, Autofill, Autofill Custom Data, Typed URLs, Extensions, Sessions, Extension settings, History Delete Directives, Device Info, User Consents, Send Tab To Self, Web Apps, Collection, Edge E Drop, Encryption Keys}
{"logTime": "0402/185358", "correlationVector":"cZN9sgIfZ9nh7TIHjqEYQr.1","action":"SyncServerConnectionManagerRequest", "result":"SYNC_SERVER_OK", "context":{"environment":"Prod_SoutheastAsia_000j", "migrationStage":"NotStarted", "server":"GENERAL01000005"}}
{"logTime": "0402/185358", "correlationVector":"cZN9sgIfZ9nh7TIHjqEYQr.2","action":"GetUpdates Response", "result":"SYNCER_OK", "context":Received 1 update(s). cV=cZN9sgIfZ9nh7TIHjqEYQr.0;server=GENERAL01000005;cloudType=Consumer;environment=Prod_SoutheastAsia_000j;migrationStage=NotStarted}
{"logTime": "0402/185427", "correlationVector":"bP0QXi4YXEpMqUynHxbsfJ","action":"Commit Request", "result":"", "context":Item count: 1
Contributing types: Sessions}
{"logTime": "0402/185427", "correlationVector":"bP0QXi4YXEpMqUynHxbsfJ.1","action":"SyncServerConnectionManagerRequest", "result":"SYNC_SERVER_OK", "context":{"environment":"Prod_SoutheastAsia_000j", "migrationStage":"NotStarted", "server":"GENERAL0100000E"}}
{"logTime": "0402/185427", "correlationVector":"bP0QXi4YXEpMqUynHxbsfJ.2","action":"Commit Response", "result":"SYNCER_OK", "context":Result: SYNCER_OK. cV=bP0QXi4YXEpMqUynHxbsfJ.0;server=GENERAL0100000E;cloudType=Consumer;environment=Prod_SoutheastAsia_000j;migrationStage=NotStarted}
